<?xml version="1.0" encoding="UTF-8"?>
<!-- Generated by org.testng.reporters.JUnitReportReporter -->
<testsuite hostname="DESKTOP-5HE0HCO" name="com.rule14.Practice1.TestNg1" tests="1" failures="0" timestamp="6 Apr 2019 04:48:21 GMT" time="0.017" errors="0">
  <testcase name="f" time="0.017" classname="com.rule14.Practice1.TestNg1"/>
</testsuite> <!-- com.rule14.Practice1.TestNg1 -->
