<?xml version="1.0" encoding="UTF-8"?>
<!-- Generated by org.testng.reporters.JUnitReportReporter -->
<testsuite hostname="DESKTOP-5HE0HCO" name="com.rule14.com.rule14.Practice1.NewTestNG" tests="1" failures="0" timestamp="6 Apr 2019 09:41:57 GMT" time="0.003" errors="0">
  <testcase name="f" time="0.003" classname="com.rule14.com.rule14.Practice1.NewTestNG"/>
</testsuite> <!-- com.rule14.com.rule14.Practice1.NewTestNG -->
